{"/Users/jenniferlee/EDU/SpringboardSWE/3_BE_Node/express-biztime/app.js": {"path":"/Users/jenniferlee/EDU/SpringboardSWE/3_BE_Node/express-biztime/app.js","statementMap":{"0":{"start":{"line":4,"column":16},"end":{"line":4,"column":34}},"1":{"start":{"line":6,"column":12},"end":{"line":6,"column":21}},"2":{"start":{"line":7,"column":21},"end":{"line":7,"column":46}},"3":{"start":{"line":11,"column":0},"end":{"line":11,"column":24}},"4":{"start":{"line":13,"column":22},"end":{"line":13,"column":51}},"5":{"start":{"line":14,"column":0},"end":{"line":14,"column":37}},"6":{"start":{"line":16,"column":22},"end":{"line":16,"column":50}},"7":{"start":{"line":17,"column":0},"end":{"line":17,"column":35}},"8":{"start":{"line":19,"column":23},"end":{"line":19,"column":53}},"9":{"start":{"line":20,"column":0},"end":{"line":20,"column":38}},"10":{"start":{"line":25,"column":0},"end":{"line":28,"column":3}},"11":{"start":{"line":26,"column":14},"end":{"line":26,"column":48}},"12":{"start":{"line":27,"column":2},"end":{"line":27,"column":19}},"13":{"start":{"line":32,"column":0},"end":{"line":39,"column":3}},"14":{"start":{"line":33,"column":2},"end":{"line":33,"column":32}},"15":{"start":{"line":35,"column":2},"end":{"line":38,"column":5}},"16":{"start":{"line":42,"column":0},"end":{"line":42,"column":21}}},"fnMap":{"0":{"name":"(anonymous_0)","decl":{"start":{"line":25,"column":8},"end":{"line":25,"column":9}},"loc":{"start":{"line":25,"column":33},"end":{"line":28,"column":1}},"line":25},"1":{"name":"(anonymous_1)","decl":{"start":{"line":32,"column":8},"end":{"line":32,"column":9}},"loc":{"start":{"line":32,"column":33},"end":{"line":39,"column":1}},"line":32}},"branchMap":{"0":{"loc":{"start":{"line":33,"column":13},"end":{"line":33,"column":30}},"type":"binary-expr","locations":[{"start":{"line":33,"column":13},"end":{"line":33,"column":23}},{"start":{"line":33,"column":27},"end":{"line":33,"column":30}}],"line":33}},"s":{"0":2,"1":2,"2":2,"3":2,"4":2,"5":2,"6":2,"7":2,"8":2,"9":2,"10":2,"11":0,"12":0,"13":2,"14":6,"15":6,"16":2},"f":{"0":0,"1":6},"b":{"0":[6,0]},"_coverageSchema":"1a1c01bbd47fc00a2c39e90264f33305004495a9","hash":"be69ed50701e5257aee9fe90894a934b430aed0e"}
,"/Users/jenniferlee/EDU/SpringboardSWE/3_BE_Node/express-biztime/db.js": {"path":"/Users/jenniferlee/EDU/SpringboardSWE/3_BE_Node/express-biztime/db.js","statementMap":{"0":{"start":{"line":3,"column":17},"end":{"line":3,"column":30}},"1":{"start":{"line":5,"column":13},"end":{"line":7,"column":29}},"2":{"start":{"line":9,"column":9},"end":{"line":11,"column":2}},"3":{"start":{"line":13,"column":0},"end":{"line":13,"column":13}},"4":{"start":{"line":15,"column":0},"end":{"line":15,"column":20}}},"fnMap":{},"branchMap":{"0":{"loc":{"start":{"line":5,"column":13},"end":{"line":7,"column":29}},"type":"cond-expr","locations":[{"start":{"line":6,"column":6},"end":{"line":6,"column":34}},{"start":{"line":7,"column":6},"end":{"line":7,"column":29}}],"line":5}},"s":{"0":2,"1":2,"2":2,"3":2,"4":2},"f":{},"b":{"0":[2,0]},"_coverageSchema":"1a1c01bbd47fc00a2c39e90264f33305004495a9","hash":"a46bb46c00a06a29763157315cc4892482fab05c"}
,"/Users/jenniferlee/EDU/SpringboardSWE/3_BE_Node/express-biztime/expressError.js": {"path":"/Users/jenniferlee/EDU/SpringboardSWE/3_BE_Node/express-biztime/expressError.js","statementMap":{"0":{"start":{"line":9,"column":4},"end":{"line":9,"column":12}},"1":{"start":{"line":10,"column":4},"end":{"line":10,"column":27}},"2":{"start":{"line":11,"column":4},"end":{"line":11,"column":25}},"3":{"start":{"line":12,"column":4},"end":{"line":12,"column":30}},"4":{"start":{"line":17,"column":0},"end":{"line":17,"column":30}}},"fnMap":{"0":{"name":"(anonymous_0)","decl":{"start":{"line":8,"column":2},"end":{"line":8,"column":3}},"loc":{"start":{"line":8,"column":31},"end":{"line":13,"column":3}},"line":8}},"branchMap":{},"s":{"0":6,"1":6,"2":6,"3":6,"4":2},"f":{"0":6},"b":{},"_coverageSchema":"1a1c01bbd47fc00a2c39e90264f33305004495a9","hash":"96a17e70744b9d4e78fb6bc4db7e3e8e46ae0862"}
,"/Users/jenniferlee/EDU/SpringboardSWE/3_BE_Node/express-biztime/routes/companies.js": {"path":"/Users/jenniferlee/EDU/SpringboardSWE/3_BE_Node/express-biztime/routes/companies.js","statementMap":{"0":{"start":{"line":3,"column":16},"end":{"line":3,"column":34}},"1":{"start":{"line":4,"column":16},"end":{"line":4,"column":34}},"2":{"start":{"line":5,"column":21},"end":{"line":5,"column":47}},"3":{"start":{"line":6,"column":15},"end":{"line":6,"column":31}},"4":{"start":{"line":7,"column":11},"end":{"line":7,"column":27}},"5":{"start":{"line":11,"column":0},"end":{"line":19,"column":2}},"6":{"start":{"line":12,"column":4},"end":{"line":18,"column":5}},"7":{"start":{"line":13,"column":24},"end":{"line":13,"column":65}},"8":{"start":{"line":14,"column":8},"end":{"line":14,"column":62}},"9":{"start":{"line":17,"column":8},"end":{"line":17,"column":22}},"10":{"start":{"line":22,"column":0},"end":{"line":42,"column":2}},"11":{"start":{"line":23,"column":4},"end":{"line":41,"column":5}},"12":{"start":{"line":24,"column":24},"end":{"line":30,"column":78}},"13":{"start":{"line":31,"column":8},"end":{"line":33,"column":9}},"14":{"start":{"line":32,"column":12},"end":{"line":32,"column":91}},"15":{"start":{"line":35,"column":40},"end":{"line":35,"column":55}},"16":{"start":{"line":36,"column":25},"end":{"line":36,"column":58}},"17":{"start":{"line":36,"column":47},"end":{"line":36,"column":57}},"18":{"start":{"line":37,"column":8},"end":{"line":37,"column":86}},"19":{"start":{"line":40,"column":8},"end":{"line":40,"column":22}},"20":{"start":{"line":45,"column":0},"end":{"line":58,"column":2}},"21":{"start":{"line":46,"column":4},"end":{"line":57,"column":5}},"22":{"start":{"line":47,"column":36},"end":{"line":47,"column":44}},"23":{"start":{"line":48,"column":21},"end":{"line":48,"column":67}},"24":{"start":{"line":49,"column":24},"end":{"line":52,"column":66}},"25":{"start":{"line":53,"column":8},"end":{"line":53,"column":63}},"26":{"start":{"line":56,"column":8},"end":{"line":56,"column":22}},"27":{"start":{"line":61,"column":0},"end":{"line":77,"column":2}},"28":{"start":{"line":62,"column":4},"end":{"line":76,"column":5}},"29":{"start":{"line":63,"column":23},"end":{"line":63,"column":33}},"30":{"start":{"line":64,"column":36},"end":{"line":64,"column":44}},"31":{"start":{"line":65,"column":24},"end":{"line":68,"column":96}},"32":{"start":{"line":69,"column":8},"end":{"line":71,"column":9}},"33":{"start":{"line":70,"column":12},"end":{"line":70,"column":79}},"34":{"start":{"line":72,"column":8},"end":{"line":72,"column":63}},"35":{"start":{"line":75,"column":8},"end":{"line":75,"column":22}},"36":{"start":{"line":80,"column":0},"end":{"line":94,"column":2}},"37":{"start":{"line":81,"column":4},"end":{"line":93,"column":5}},"38":{"start":{"line":82,"column":23},"end":{"line":82,"column":33}},"39":{"start":{"line":83,"column":24},"end":{"line":85,"column":64}},"40":{"start":{"line":86,"column":8},"end":{"line":88,"column":9}},"41":{"start":{"line":87,"column":12},"end":{"line":87,"column":79}},"42":{"start":{"line":89,"column":8},"end":{"line":89,"column":56}},"43":{"start":{"line":92,"column":8},"end":{"line":92,"column":22}},"44":{"start":{"line":96,"column":0},"end":{"line":96,"column":24}}},"fnMap":{"0":{"name":"(anonymous_0)","decl":{"start":{"line":11,"column":16},"end":{"line":11,"column":17}},"loc":{"start":{"line":11,"column":42},"end":{"line":19,"column":1}},"line":11},"1":{"name":"(anonymous_1)","decl":{"start":{"line":22,"column":21},"end":{"line":22,"column":22}},"loc":{"start":{"line":22,"column":47},"end":{"line":42,"column":1}},"line":22},"2":{"name":"(anonymous_2)","decl":{"start":{"line":36,"column":42},"end":{"line":36,"column":43}},"loc":{"start":{"line":36,"column":47},"end":{"line":36,"column":57}},"line":36},"3":{"name":"(anonymous_3)","decl":{"start":{"line":45,"column":17},"end":{"line":45,"column":18}},"loc":{"start":{"line":45,"column":43},"end":{"line":58,"column":1}},"line":45},"4":{"name":"(anonymous_4)","decl":{"start":{"line":61,"column":21},"end":{"line":61,"column":22}},"loc":{"start":{"line":61,"column":47},"end":{"line":77,"column":1}},"line":61},"5":{"name":"(anonymous_5)","decl":{"start":{"line":80,"column":24},"end":{"line":80,"column":25}},"loc":{"start":{"line":80,"column":50},"end":{"line":94,"column":1}},"line":80}},"branchMap":{"0":{"loc":{"start":{"line":31,"column":8},"end":{"line":33,"column":9}},"type":"if","locations":[{"start":{"line":31,"column":8},"end":{"line":33,"column":9}},{"start":{},"end":{}}],"line":31},"1":{"loc":{"start":{"line":69,"column":8},"end":{"line":71,"column":9}},"type":"if","locations":[{"start":{"line":69,"column":8},"end":{"line":71,"column":9}},{"start":{},"end":{}}],"line":69},"2":{"loc":{"start":{"line":86,"column":8},"end":{"line":88,"column":9}},"type":"if","locations":[{"start":{"line":86,"column":8},"end":{"line":88,"column":9}},{"start":{},"end":{}}],"line":86}},"s":{"0":2,"1":2,"2":2,"3":2,"4":2,"5":2,"6":1,"7":1,"8":1,"9":0,"10":2,"11":2,"12":2,"13":2,"14":1,"15":1,"16":1,"17":1,"18":1,"19":1,"20":2,"21":1,"22":1,"23":1,"24":1,"25":1,"26":0,"27":2,"28":4,"29":4,"30":4,"31":4,"32":4,"33":3,"34":1,"35":3,"36":2,"37":1,"38":1,"39":1,"40":1,"41":0,"42":1,"43":0,"44":2},"f":{"0":1,"1":2,"2":1,"3":1,"4":4,"5":1},"b":{"0":[1,1],"1":[3,1],"2":[0,1]},"_coverageSchema":"1a1c01bbd47fc00a2c39e90264f33305004495a9","hash":"1de69be5a158ea3d9b93bc252c04fa31bf82c209"}
,"/Users/jenniferlee/EDU/SpringboardSWE/3_BE_Node/express-biztime/routes/industries.js": {"path":"/Users/jenniferlee/EDU/SpringboardSWE/3_BE_Node/express-biztime/routes/industries.js","statementMap":{"0":{"start":{"line":3,"column":16},"end":{"line":3,"column":34}},"1":{"start":{"line":4,"column":21},"end":{"line":4,"column":47}},"2":{"start":{"line":5,"column":15},"end":{"line":5,"column":31}},"3":{"start":{"line":6,"column":11},"end":{"line":6,"column":28}},"4":{"start":{"line":10,"column":0},"end":{"line":48,"column":2}},"5":{"start":{"line":11,"column":4},"end":{"line":47,"column":5}},"6":{"start":{"line":12,"column":24},"end":{"line":18,"column":42}},"7":{"start":{"line":21,"column":30},"end":{"line":21,"column":39}},"8":{"start":{"line":24,"column":8},"end":{"line":38,"column":9}},"9":{"start":{"line":25,"column":53},"end":{"line":25,"column":56}},"10":{"start":{"line":27,"column":12},"end":{"line":33,"column":13}},"11":{"start":{"line":28,"column":16},"end":{"line":32,"column":19}},"12":{"start":{"line":35,"column":12},"end":{"line":37,"column":13}},"13":{"start":{"line":36,"column":16},"end":{"line":36,"column":69}},"14":{"start":{"line":41,"column":27},"end":{"line":41,"column":61}},"15":{"start":{"line":43,"column":8},"end":{"line":43,"column":64}},"16":{"start":{"line":46,"column":8},"end":{"line":46,"column":22}},"17":{"start":{"line":52,"column":0},"end":{"line":64,"column":2}},"18":{"start":{"line":53,"column":4},"end":{"line":63,"column":5}},"19":{"start":{"line":54,"column":33},"end":{"line":54,"column":41}},"20":{"start":{"line":55,"column":24},"end":{"line":58,"column":57}},"21":{"start":{"line":59,"column":8},"end":{"line":59,"column":64}},"22":{"start":{"line":62,"column":8},"end":{"line":62,"column":22}},"23":{"start":{"line":67,"column":0},"end":{"line":93,"column":2}},"24":{"start":{"line":68,"column":4},"end":{"line":92,"column":5}},"25":{"start":{"line":69,"column":26},"end":{"line":69,"column":36}},"26":{"start":{"line":70,"column":27},"end":{"line":70,"column":35}},"27":{"start":{"line":73,"column":23},"end":{"line":75,"column":79}},"28":{"start":{"line":76,"column":8},"end":{"line":78,"column":9}},"29":{"start":{"line":77,"column":12},"end":{"line":77,"column":77}},"30":{"start":{"line":81,"column":24},"end":{"line":84,"column":60}},"31":{"start":{"line":85,"column":8},"end":{"line":87,"column":9}},"32":{"start":{"line":86,"column":12},"end":{"line":86,"column":83}},"33":{"start":{"line":88,"column":8},"end":{"line":88,"column":66}},"34":{"start":{"line":91,"column":8},"end":{"line":91,"column":22}},"35":{"start":{"line":95,"column":0},"end":{"line":95,"column":24}}},"fnMap":{"0":{"name":"(anonymous_0)","decl":{"start":{"line":10,"column":16},"end":{"line":10,"column":17}},"loc":{"start":{"line":10,"column":42},"end":{"line":48,"column":1}},"line":10},"1":{"name":"(anonymous_1)","decl":{"start":{"line":52,"column":17},"end":{"line":52,"column":18}},"loc":{"start":{"line":52,"column":43},"end":{"line":64,"column":1}},"line":52},"2":{"name":"(anonymous_2)","decl":{"start":{"line":67,"column":25},"end":{"line":67,"column":26}},"loc":{"start":{"line":67,"column":51},"end":{"line":93,"column":1}},"line":67}},"branchMap":{"0":{"loc":{"start":{"line":27,"column":12},"end":{"line":33,"column":13}},"type":"if","locations":[{"start":{"line":27,"column":12},"end":{"line":33,"column":13}},{"start":{},"end":{}}],"line":27},"1":{"loc":{"start":{"line":35,"column":12},"end":{"line":37,"column":13}},"type":"if","locations":[{"start":{"line":35,"column":12},"end":{"line":37,"column":13}},{"start":{},"end":{}}],"line":35},"2":{"loc":{"start":{"line":76,"column":8},"end":{"line":78,"column":9}},"type":"if","locations":[{"start":{"line":76,"column":8},"end":{"line":78,"column":9}},{"start":{},"end":{}}],"line":76},"3":{"loc":{"start":{"line":85,"column":8},"end":{"line":87,"column":9}},"type":"if","locations":[{"start":{"line":85,"column":8},"end":{"line":87,"column":9}},{"start":{},"end":{}}],"line":85}},"s":{"0":2,"1":2,"2":2,"3":2,"4":2,"5":0,"6":0,"7":0,"8":0,"9":0,"10":0,"11":0,"12":0,"13":0,"14":0,"15":0,"16":0,"17":2,"18":0,"19":0,"20":0,"21":0,"22":0,"23":2,"24":0,"25":0,"26":0,"27":0,"28":0,"29":0,"30":0,"31":0,"32":0,"33":0,"34":0,"35":2},"f":{"0":0,"1":0,"2":0},"b":{"0":[0,0],"1":[0,0],"2":[0,0],"3":[0,0]},"_coverageSchema":"1a1c01bbd47fc00a2c39e90264f33305004495a9","hash":"5d5b7b36c65cf10e91620b5795eb607e48664b2c"}
,"/Users/jenniferlee/EDU/SpringboardSWE/3_BE_Node/express-biztime/routes/invoices.js": {"path":"/Users/jenniferlee/EDU/SpringboardSWE/3_BE_Node/express-biztime/routes/invoices.js","statementMap":{"0":{"start":{"line":3,"column":16},"end":{"line":3,"column":34}},"1":{"start":{"line":4,"column":21},"end":{"line":4,"column":47}},"2":{"start":{"line":5,"column":15},"end":{"line":5,"column":31}},"3":{"start":{"line":6,"column":11},"end":{"line":6,"column":28}},"4":{"start":{"line":9,"column":0},"end":{"line":17,"column":2}},"5":{"start":{"line":10,"column":4},"end":{"line":16,"column":5}},"6":{"start":{"line":11,"column":24},"end":{"line":11,"column":76}},"7":{"start":{"line":12,"column":8},"end":{"line":12,"column":62}},"8":{"start":{"line":15,"column":8},"end":{"line":15,"column":23}},"9":{"start":{"line":20,"column":0},"end":{"line":49,"column":2}},"10":{"start":{"line":21,"column":4},"end":{"line":48,"column":5}},"11":{"start":{"line":22,"column":21},"end":{"line":22,"column":31}},"12":{"start":{"line":23,"column":24},"end":{"line":27,"column":63}},"13":{"start":{"line":28,"column":8},"end":{"line":30,"column":9}},"14":{"start":{"line":29,"column":12},"end":{"line":29,"column":76}},"15":{"start":{"line":31,"column":21},"end":{"line":31,"column":36}},"16":{"start":{"line":32,"column":24},"end":{"line":43,"column":9}},"17":{"start":{"line":44,"column":8},"end":{"line":44,"column":56}},"18":{"start":{"line":47,"column":8},"end":{"line":47,"column":23}},"19":{"start":{"line":52,"column":0},"end":{"line":64,"column":2}},"20":{"start":{"line":53,"column":4},"end":{"line":63,"column":5}},"21":{"start":{"line":54,"column":33},"end":{"line":54,"column":41}},"22":{"start":{"line":55,"column":24},"end":{"line":58,"column":57}},"23":{"start":{"line":59,"column":8},"end":{"line":59,"column":64}},"24":{"start":{"line":62,"column":8},"end":{"line":62,"column":22}},"25":{"start":{"line":67,"column":0},"end":{"line":103,"column":2}},"26":{"start":{"line":68,"column":4},"end":{"line":102,"column":5}},"27":{"start":{"line":69,"column":21},"end":{"line":69,"column":31}},"28":{"start":{"line":70,"column":28},"end":{"line":70,"column":36}},"29":{"start":{"line":72,"column":23},"end":{"line":74,"column":59}},"30":{"start":{"line":75,"column":8},"end":{"line":77,"column":9}},"31":{"start":{"line":76,"column":12},"end":{"line":76,"column":75}},"32":{"start":{"line":79,"column":29},"end":{"line":79,"column":53}},"33":{"start":{"line":80,"column":23},"end":{"line":80,"column":27}},"34":{"start":{"line":82,"column":8},"end":{"line":90,"column":9}},"35":{"start":{"line":83,"column":12},"end":{"line":83,"column":33}},"36":{"start":{"line":85,"column":13},"end":{"line":90,"column":9}},"37":{"start":{"line":86,"column":12},"end":{"line":86,"column":28}},"38":{"start":{"line":89,"column":12},"end":{"line":89,"column":35}},"39":{"start":{"line":92,"column":24},"end":{"line":95,"column":124}},"40":{"start":{"line":97,"column":8},"end":{"line":97,"column":63}},"41":{"start":{"line":101,"column":8},"end":{"line":101,"column":22}},"42":{"start":{"line":107,"column":0},"end":{"line":121,"column":2}},"43":{"start":{"line":108,"column":4},"end":{"line":120,"column":5}},"44":{"start":{"line":109,"column":21},"end":{"line":109,"column":31}},"45":{"start":{"line":110,"column":24},"end":{"line":112,"column":60}},"46":{"start":{"line":113,"column":8},"end":{"line":115,"column":9}},"47":{"start":{"line":114,"column":12},"end":{"line":114,"column":75}},"48":{"start":{"line":116,"column":8},"end":{"line":116,"column":56}},"49":{"start":{"line":119,"column":8},"end":{"line":119,"column":22}},"50":{"start":{"line":124,"column":0},"end":{"line":124,"column":24}}},"fnMap":{"0":{"name":"(anonymous_0)","decl":{"start":{"line":9,"column":16},"end":{"line":9,"column":17}},"loc":{"start":{"line":9,"column":42},"end":{"line":17,"column":1}},"line":9},"1":{"name":"(anonymous_1)","decl":{"start":{"line":20,"column":19},"end":{"line":20,"column":20}},"loc":{"start":{"line":20,"column":45},"end":{"line":49,"column":1}},"line":20},"2":{"name":"(anonymous_2)","decl":{"start":{"line":52,"column":17},"end":{"line":52,"column":18}},"loc":{"start":{"line":52,"column":43},"end":{"line":64,"column":1}},"line":52},"3":{"name":"(anonymous_3)","decl":{"start":{"line":67,"column":19},"end":{"line":67,"column":20}},"loc":{"start":{"line":67,"column":45},"end":{"line":103,"column":1}},"line":67},"4":{"name":"(anonymous_4)","decl":{"start":{"line":107,"column":22},"end":{"line":107,"column":23}},"loc":{"start":{"line":107,"column":48},"end":{"line":121,"column":1}},"line":107}},"branchMap":{"0":{"loc":{"start":{"line":28,"column":8},"end":{"line":30,"column":9}},"type":"if","locations":[{"start":{"line":28,"column":8},"end":{"line":30,"column":9}},{"start":{},"end":{}}],"line":28},"1":{"loc":{"start":{"line":75,"column":8},"end":{"line":77,"column":9}},"type":"if","locations":[{"start":{"line":75,"column":8},"end":{"line":77,"column":9}},{"start":{},"end":{}}],"line":75},"2":{"loc":{"start":{"line":82,"column":8},"end":{"line":90,"column":9}},"type":"if","locations":[{"start":{"line":82,"column":8},"end":{"line":90,"column":9}},{"start":{"line":85,"column":13},"end":{"line":90,"column":9}}],"line":82},"3":{"loc":{"start":{"line":82,"column":12},"end":{"line":82,"column":40}},"type":"binary-expr","locations":[{"start":{"line":82,"column":12},"end":{"line":82,"column":16}},{"start":{"line":82,"column":20},"end":{"line":82,"column":40}}],"line":82},"4":{"loc":{"start":{"line":85,"column":13},"end":{"line":90,"column":9}},"type":"if","locations":[{"start":{"line":85,"column":13},"end":{"line":90,"column":9}},{"start":{"line":88,"column":12},"end":{"line":90,"column":9}}],"line":85},"5":{"loc":{"start":{"line":113,"column":8},"end":{"line":115,"column":9}},"type":"if","locations":[{"start":{"line":113,"column":8},"end":{"line":115,"column":9}},{"start":{},"end":{}}],"line":113}},"s":{"0":2,"1":2,"2":2,"3":2,"4":2,"5":1,"6":1,"7":1,"8":0,"9":2,"10":2,"11":2,"12":2,"13":2,"14":1,"15":1,"16":1,"17":1,"18":1,"19":2,"20":1,"21":1,"22":1,"23":1,"24":0,"25":2,"26":2,"27":2,"28":2,"29":2,"30":2,"31":1,"32":1,"33":1,"34":1,"35":1,"36":0,"37":0,"38":0,"39":1,"40":1,"41":1,"42":2,"43":1,"44":1,"45":1,"46":1,"47":0,"48":1,"49":0,"50":2},"f":{"0":1,"1":2,"2":1,"3":2,"4":1},"b":{"0":[1,1],"1":[1,1],"2":[1,0],"3":[1,1],"4":[0,0],"5":[0,1]},"_coverageSchema":"1a1c01bbd47fc00a2c39e90264f33305004495a9","hash":"1eaa8b5ab58b3c1d65ad8aeb4819b4dd196f3d6e"}
}
