TN:
SF:app.js
FN:25,(anonymous_0)
FN:32,(anonymous_1)
FNF:2
FNH:1
FNDA:0,(anonymous_0)
FNDA:6,(anonymous_1)
DA:4,2
DA:6,2
DA:7,2
DA:11,2
DA:13,2
DA:14,2
DA:16,2
DA:17,2
DA:19,2
DA:20,2
DA:25,2
DA:26,0
DA:27,0
DA:32,2
DA:33,6
DA:35,6
DA:42,2
LF:17
LH:15
BRDA:33,0,0,6
BRDA:33,0,1,0
BRF:2
BRH:1
end_of_record
TN:
SF:db.js
FNF:0
FNH:0
DA:3,2
DA:5,2
DA:9,2
DA:13,2
DA:15,2
LF:5
LH:5
BRDA:5,0,0,2
BRDA:5,0,1,0
BRF:2
BRH:1
end_of_record
TN:
SF:expressError.js
FN:8,(anonymous_0)
FNF:1
FNH:1
FNDA:6,(anonymous_0)
DA:9,6
DA:10,6
DA:11,6
DA:12,6
DA:17,2
LF:5
LH:5
BRF:0
BRH:0
end_of_record
TN:
SF:routes/companies.js
FN:11,(anonymous_0)
FN:22,(anonymous_1)
FN:36,(anonymous_2)
FN:45,(anonymous_3)
FN:61,(anonymous_4)
FN:80,(anonymous_5)
FNF:6
FNH:6
FNDA:1,(anonymous_0)
FNDA:2,(anonymous_1)
FNDA:1,(anonymous_2)
FNDA:1,(anonymous_3)
FNDA:4,(anonymous_4)
FNDA:1,(anonymous_5)
DA:3,2
DA:4,2
DA:5,2
DA:6,2
DA:7,2
DA:11,2
DA:12,1
DA:13,1
DA:14,1
DA:17,0
DA:22,2
DA:23,2
DA:24,2
DA:31,2
DA:32,1
DA:35,1
DA:36,1
DA:37,1
DA:40,1
DA:45,2
DA:46,1
DA:47,1
DA:48,1
DA:49,1
DA:53,1
DA:56,0
DA:61,2
DA:62,4
DA:63,4
DA:64,4
DA:65,4
DA:69,4
DA:70,3
DA:72,1
DA:75,3
DA:80,2
DA:81,1
DA:82,1
DA:83,1
DA:86,1
DA:87,0
DA:89,1
DA:92,0
DA:96,2
LF:44
LH:40
BRDA:31,0,0,1
BRDA:31,0,1,1
BRDA:69,1,0,3
BRDA:69,1,1,1
BRDA:86,2,0,0
BRDA:86,2,1,1
BRF:6
BRH:5
end_of_record
TN:
SF:routes/industries.js
FN:10,(anonymous_0)
FN:52,(anonymous_1)
FN:67,(anonymous_2)
FNF:3
FNH:0
FNDA:0,(anonymous_0)
FNDA:0,(anonymous_1)
FNDA:0,(anonymous_2)
DA:3,2
DA:4,2
DA:5,2
DA:6,2
DA:10,2
DA:11,0
DA:12,0
DA:21,0
DA:24,0
DA:25,0
DA:27,0
DA:28,0
DA:35,0
DA:36,0
DA:41,0
DA:43,0
DA:46,0
DA:52,2
DA:53,0
DA:54,0
DA:55,0
DA:59,0
DA:62,0
DA:67,2
DA:68,0
DA:69,0
DA:70,0
DA:73,0
DA:76,0
DA:77,0
DA:81,0
DA:85,0
DA:86,0
DA:88,0
DA:91,0
DA:95,2
LF:36
LH:8
BRDA:27,0,0,0
BRDA:27,0,1,0
BRDA:35,1,0,0
BRDA:35,1,1,0
BRDA:76,2,0,0
BRDA:76,2,1,0
BRDA:85,3,0,0
BRDA:85,3,1,0
BRF:8
BRH:0
end_of_record
TN:
SF:routes/invoices.js
FN:9,(anonymous_0)
FN:20,(anonymous_1)
FN:52,(anonymous_2)
FN:67,(anonymous_3)
FN:107,(anonymous_4)
FNF:5
FNH:5
FNDA:1,(anonymous_0)
FNDA:2,(anonymous_1)
FNDA:1,(anonymous_2)
FNDA:2,(anonymous_3)
FNDA:1,(anonymous_4)
DA:3,2
DA:4,2
DA:5,2
DA:6,2
DA:9,2
DA:10,1
DA:11,1
DA:12,1
DA:15,0
DA:20,2
DA:21,2
DA:22,2
DA:23,2
DA:28,2
DA:29,1
DA:31,1
DA:32,1
DA:44,1
DA:47,1
DA:52,2
DA:53,1
DA:54,1
DA:55,1
DA:59,1
DA:62,0
DA:67,2
DA:68,2
DA:69,2
DA:70,2
DA:72,2
DA:75,2
DA:76,1
DA:79,1
DA:80,1
DA:82,1
DA:83,1
DA:85,0
DA:86,0
DA:89,0
DA:92,1
DA:97,1
DA:101,1
DA:107,2
DA:108,1
DA:109,1
DA:110,1
DA:113,1
DA:114,0
DA:116,1
DA:119,0
DA:124,2
LF:51
LH:44
BRDA:28,0,0,1
BRDA:28,0,1,1
BRDA:75,1,0,1
BRDA:75,1,1,1
BRDA:82,2,0,1
BRDA:82,2,1,0
BRDA:82,3,0,1
BRDA:82,3,1,1
BRDA:85,4,0,0
BRDA:85,4,1,0
BRDA:113,5,0,0
BRDA:113,5,1,1
BRF:12
BRH:8
end_of_record
